#
# There is insufficient memory for the Java Runtime Environment to continue.
# Native memory allocation (malloc) failed to allocate 612656 bytes for Chunk::new
# Possible reasons:
#   The system is out of physical RAM or swap space
#   The process is running with CompressedOops enabled, and the Java Heap may be blocking the growth of the native heap
# Possible solutions:
#   Reduce memory load on the system
#   Increase physical memory or swap space
#   Check if swap backing store is full
#   Decrease Java heap size (-Xmx/-Xms)
#   Decrease number of Java threads
#   Decrease Java thread stack sizes (-Xss)
#   Set larger code cache with -XX:ReservedCodeCacheSize=
#   JVM is running with Unscaled Compressed Oops mode in which the Java heap is
#     placed in the first 4GB address space. The Java Heap base address is the
#     maximum limit for the native heap growth. Please use -XX:HeapBaseMinAddress
#     to set the Java Heap base and to place the Java Heap above 4GB virtual address.
# This output file may be truncated or incomplete.
#
#  Out of Memory Error (./open/src/hotspot/share/memory/arena.cpp:197), pid=33576, tid=24492
#
# JRE version: Java(TM) SE Runtime Environment 18.9 (11.0.16+11) (build 11.0.16+11-LTS-199)
# Java VM: Java HotSpot(TM) 64-Bit Server VM 18.9 (11.0.16+11-LTS-199, mixed mode, tiered, compressed oops, g1 gc, windows-amd64)
# No core dump will be written. Minidumps are not enabled by default on client versions of Windows
#

---------------  S U M M A R Y ------------

Command Line: -ea -Dfile.encoding=UTF-8 org.testng.remote.RemoteTestNG -serport 61002 -protocol json -d C:\Users\ebin\eclipse-workspace\SeleniumSessions\test-output C:\Users\ebin\AppData\Local\Temp\testng-eclipse-1250000514\testng-customsuite.xml

Host: Intel(R) Core(TM) i3-10110U CPU @ 2.10GHz, 4 cores, 3G,  Windows 11 , 64 bit Build 22000 (10.0.22000.1219)
Time: Tue Dec  6 07:46:39 2022 India Standard Time elapsed time: 4.144830 seconds (0d 0h 0m 4s)

---------------  T H R E A D  ---------------

Current thread (0x0000023445dd1000):  JavaThread "C2 CompilerThread0" daemon [_thread_in_native, id=24492, stack(0x000000c8b3800000,0x000000c8b3900000)]


Current CompileTask:
C2:   4144 1869       4       java.util.HashSet::add (20 bytes)

Stack: [0x000000c8b3800000,0x000000c8b3900000]
Native frames: (J=compiled Java code, j=interpreted, Vv=VM code, C=native code)
V  [jvm.dll+0x62a3ea]
V  [jvm.dll+0x76418f]
V  [jvm.dll+0x765839]
V  [jvm.dll+0x765ec3]
V  [jvm.dll+0x23da98]
V  [jvm.dll+0xb2a1c]
V  [jvm.dll+0xb2fdc]
V  [jvm.dll+0x341487]
V  [jvm.dll+0x30ec83]
V  [jvm.dll+0x30dfca]
V  [jvm.dll+0x1f84a5]
V  [jvm.dll+0x1f768d]
V  [jvm.dll+0x177c81]
V  [jvm.dll+0x207006]
V  [jvm.dll+0x20519b]
V  [jvm.dll+0x729fa0]
V  [jvm.dll+0x722b74]
V  [jvm.dll+0x629286]
C  [ucrtbase.dll+0x26c0c]
C  [KERNEL32.DLL+0x15550]
C  [ntdll.dll+0x485b]


---------------  P R O C E S S  ---------------

Threads class SMR info:
_java_thread_list=0x00000234472ec090, length=11, elements={
0x0000023428e15800, 0x0000023445d4d800, 0x0000023445d78800, 0x0000023445dcb800,
0x0000023445dcc800, 0x0000023445dcf800, 0x0000023445dd1000, 0x0000023445dfe000,
0x0000023446746000, 0x000002344684a000, 0x00000234473d4800
}

Java Threads: ( => current thread )
  0x0000023428e15800 JavaThread "main" [_thread_in_native, id=31856, stack(0x000000c8b2c00000,0x000000c8b2d00000)]
  0x0000023445d4d800 JavaThread "Reference Handler" daemon [_thread_blocked, id=35524, stack(0x000000c8b3300000,0x000000c8b3400000)]
  0x0000023445d78800 JavaThread "Finalizer" daemon [_thread_blocked, id=31492, stack(0x000000c8b3400000,0x000000c8b3500000)]
  0x0000023445dcb800 JavaThread "Signal Dispatcher" daemon [_thread_blocked, id=29592, stack(0x000000c8b3500000,0x000000c8b3600000)]
  0x0000023445dcc800 JavaThread "Attach Listener" daemon [_thread_blocked, id=1516, stack(0x000000c8b3600000,0x000000c8b3700000)]
  0x0000023445dcf800 JavaThread "Service Thread" daemon [_thread_blocked, id=30288, stack(0x000000c8b3700000,0x000000c8b3800000)]
=>0x0000023445dd1000 JavaThread "C2 CompilerThread0" daemon [_thread_in_native, id=24492, stack(0x000000c8b3800000,0x000000c8b3900000)]
  0x0000023445dfe000 JavaThread "C1 CompilerThread0" daemon [_thread_blocked, id=27408, stack(0x000000c8b3900000,0x000000c8b3a00000)]
  0x0000023446746000 JavaThread "Sweeper thread" daemon [_thread_blocked, id=36212, stack(0x000000c8b3a00000,0x000000c8b3b00000)]
  0x000002344684a000 JavaThread "Common-Cleaner" daemon [_thread_blocked, id=16788, stack(0x000000c8b3c00000,0x000000c8b3d00000)]
  0x00000234473d4800 JavaThread "ReaderThread" [_thread_in_native, id=11408, stack(0x000000c8b3f00000,0x000000c8b4000000)]

Other Threads:
  0x0000023445d4b800 VMThread "VM Thread" [stack: 0x000000c8b3200000,0x000000c8b3300000] [id=31752]
  0x000002344684d000 WatcherThread [stack: 0x000000c8b3b00000,0x000000c8b3c00000] [id=35776]
  0x0000023428e2b800 GCTaskThread "GC Thread#0" [stack: 0x000000c8b2d00000,0x000000c8b2e00000] [id=33900]
  0x0000023446f19000 GCTaskThread "GC Thread#1" [stack: 0x000000c8b3d00000,0x000000c8b3e00000] [id=35356]
  0x0000023447745800 GCTaskThread "GC Thread#2" [stack: 0x000000c8b4000000,0x000000c8b4100000] [id=29676]
  0x0000023447746000 GCTaskThread "GC Thread#3" [stack: 0x000000c8b4100000,0x000000c8b4200000] [id=35368]
  0x0000023428e4a000 ConcurrentGCThread "G1 Main Marker" [stack: 0x000000c8b2e00000,0x000000c8b2f00000] [id=33224]
  0x0000023428e4b000 ConcurrentGCThread "G1 Conc#0" [stack: 0x000000c8b2f00000,0x000000c8b3000000] [id=35772]
  0x0000023428e96800 ConcurrentGCThread "G1 Refine#0" [stack: 0x000000c8b3000000,0x000000c8b3100000] [id=30116]
  0x0000023428e9b000 ConcurrentGCThread "G1 Young RemSet Sampling" [stack: 0x000000c8b3100000,0x000000c8b3200000] [id=34560]

Threads with active compile tasks:
C2 CompilerThread0     4195 1869       4       java.util.HashSet::add (20 bytes)

VM state:not at safepoint (normal execution)

VM Mutex/Monitor currently owned by a thread: None

Heap address: 0x00000000c2400000, size: 988 MB, Compressed Oops mode: 32-bit
Narrow klass base: 0x0000000000000000, Narrow klass shift: 3
Compressed class space size: 1073741824 Address: 0x0000000100000000

Heap:
 garbage-first heap   total 63488K, used 14217K [0x00000000c2400000, 0x0000000100000000)
  region size 1024K, 13 young (13312K), 5 survivors (5120K)
 Metaspace       used 18358K, capacity 19060K, committed 19200K, reserved 1067008K
  class space    used 1975K, capacity 2275K, committed 2304K, reserved 1048576K
Heap Regions: E=young(eden), S=young(survivor), O=old, HS=humongous(starts), HC=humongous(continues), CS=collection set, F=free, A=archive, TAMS=top-at-mark-start (previous, next)
|   0|0x00000000c2400000, 0x00000000c2500000, 0x00000000c2500000|100%| O|  |TAMS 0x00000000c2400000, 0x00000000c2400000| Untracked 
|   1|0x00000000c2500000, 0x00000000c2600000, 0x00000000c2600000|100%| O|  |TAMS 0x00000000c2500000, 0x00000000c2500000| Untracked 
|   2|0x00000000c2600000, 0x00000000c267c200, 0x00000000c2700000| 48%| O|  |TAMS 0x00000000c2600000, 0x00000000c2600000| Untracked 
|   3|0x00000000c2700000, 0x00000000c2700000, 0x00000000c2800000|  0%| F|  |TAMS 0x00000000c2700000, 0x00000000c2700000| Untracked 
|   4|0x00000000c2800000, 0x00000000c2800000, 0x00000000c2900000|  0%| F|  |TAMS 0x00000000c2800000, 0x00000000c2800000| Untracked 
|   5|0x00000000c2900000, 0x00000000c2900000, 0x00000000c2a00000|  0%| F|  |TAMS 0x00000000c2900000, 0x00000000c2900000| Untracked 
|   6|0x00000000c2a00000, 0x00000000c2a00000, 0x00000000c2b00000|  0%| F|  |TAMS 0x00000000c2a00000, 0x00000000c2a00000| Untracked 
|   7|0x00000000c2b00000, 0x00000000c2b00000, 0x00000000c2c00000|  0%| F|  |TAMS 0x00000000c2b00000, 0x00000000c2b00000| Untracked 
|   8|0x00000000c2c00000, 0x00000000c2c00000, 0x00000000c2d00000|  0%| F|  |TAMS 0x00000000c2c00000, 0x00000000c2c00000| Untracked 
|   9|0x00000000c2d00000, 0x00000000c2d00000, 0x00000000c2e00000|  0%| F|  |TAMS 0x00000000c2d00000, 0x00000000c2d00000| Untracked 
|  10|0x00000000c2e00000, 0x00000000c2e00000, 0x00000000c2f00000|  0%| F|  |TAMS 0x00000000c2e00000, 0x00000000c2e00000| Untracked 
|  11|0x00000000c2f00000, 0x00000000c2f00000, 0x00000000c3000000|  0%| F|  |TAMS 0x00000000c2f00000, 0x00000000c2f00000| Untracked 
|  12|0x00000000c3000000, 0x00000000c3000000, 0x00000000c3100000|  0%| F|  |TAMS 0x00000000c3000000, 0x00000000c3000000| Untracked 
|  13|0x00000000c3100000, 0x00000000c3100000, 0x00000000c3200000|  0%| F|  |TAMS 0x00000000c3100000, 0x00000000c3100000| Untracked 
|  14|0x00000000c3200000, 0x00000000c3200000, 0x00000000c3300000|  0%| F|  |TAMS 0x00000000c3200000, 0x00000000c3200000| Untracked 
|  15|0x00000000c3300000, 0x00000000c3300000, 0x00000000c3400000|  0%| F|  |TAMS 0x00000000c3300000, 0x00000000c3300000| Untracked 
|  16|0x00000000c3400000, 0x00000000c3400000, 0x00000000c3500000|  0%| F|  |TAMS 0x00000000c3400000, 0x00000000c3400000| Untracked 
|  17|0x00000000c3500000, 0x00000000c3500000, 0x00000000c3600000|  0%| F|  |TAMS 0x00000000c3500000, 0x00000000c3500000| Untracked 
|  18|0x00000000c3600000, 0x00000000c3600000, 0x00000000c3700000|  0%| F|  |TAMS 0x00000000c3600000, 0x00000000c3600000| Untracked 
|  19|0x00000000c3700000, 0x00000000c3700000, 0x00000000c3800000|  0%| F|  |TAMS 0x00000000c3700000, 0x00000000c3700000| Untracked 
|  20|0x00000000c3800000, 0x00000000c3800000, 0x00000000c3900000|  0%| F|  |TAMS 0x00000000c3800000, 0x00000000c3800000| Untracked 
|  21|0x00000000c3900000, 0x00000000c3900000, 0x00000000c3a00000|  0%| F|  |TAMS 0x00000000c3900000, 0x00000000c3900000| Untracked 
|  22|0x00000000c3a00000, 0x00000000c3a665d0, 0x00000000c3b00000| 39%| S|CS|TAMS 0x00000000c3a00000, 0x00000000c3a00000| Complete 
|  23|0x00000000c3b00000, 0x00000000c3c00000, 0x00000000c3c00000|100%| S|CS|TAMS 0x00000000c3b00000, 0x00000000c3b00000| Complete 
|  24|0x00000000c3c00000, 0x00000000c3d00000, 0x00000000c3d00000|100%| S|CS|TAMS 0x00000000c3c00000, 0x00000000c3c00000| Complete 
|  25|0x00000000c3d00000, 0x00000000c3e00000, 0x00000000c3e00000|100%| S|CS|TAMS 0x00000000c3d00000, 0x00000000c3d00000| Complete 
|  26|0x00000000c3e00000, 0x00000000c3f00000, 0x00000000c3f00000|100%| S|CS|TAMS 0x00000000c3e00000, 0x00000000c3e00000| Complete 
|  27|0x00000000c3f00000, 0x00000000c3f00000, 0x00000000c4000000|  0%| F|  |TAMS 0x00000000c3f00000, 0x00000000c3f00000| Untracked 
|  28|0x00000000c4000000, 0x00000000c4000000, 0x00000000c4100000|  0%| F|  |TAMS 0x00000000c4000000, 0x00000000c4000000| Untracked 
|  29|0x00000000c4100000, 0x00000000c4100000, 0x00000000c4200000|  0%| F|  |TAMS 0x00000000c4100000, 0x00000000c4100000| Untracked 
|  30|0x00000000c4200000, 0x00000000c4200000, 0x00000000c4300000|  0%| F|  |TAMS 0x00000000c4200000, 0x00000000c4200000| Untracked 
|  31|0x00000000c4300000, 0x00000000c4300000, 0x00000000c4400000|  0%| F|  |TAMS 0x00000000c4300000, 0x00000000c4300000| Untracked 
|  32|0x00000000c4400000, 0x00000000c4400000, 0x00000000c4500000|  0%| F|  |TAMS 0x00000000c4400000, 0x00000000c4400000| Untracked 
|  33|0x00000000c4500000, 0x00000000c4500000, 0x00000000c4600000|  0%| F|  |TAMS 0x00000000c4500000, 0x00000000c4500000| Untracked 
|  34|0x00000000c4600000, 0x00000000c4600000, 0x00000000c4700000|  0%| F|  |TAMS 0x00000000c4600000, 0x00000000c4600000| Untracked 
|  35|0x00000000c4700000, 0x00000000c4700000, 0x00000000c4800000|  0%| F|  |TAMS 0x00000000c4700000, 0x00000000c4700000| Untracked 
|  36|0x00000000c4800000, 0x00000000c4800000, 0x00000000c4900000|  0%| F|  |TAMS 0x00000000c4800000, 0x00000000c4800000| Untracked 
|  37|0x00000000c4900000, 0x00000000c4900000, 0x00000000c4a00000|  0%| F|  |TAMS 0x00000000c4900000, 0x00000000c4900000| Untracked 
|  38|0x00000000c4a00000, 0x00000000c4a00000, 0x00000000c4b00000|  0%| F|  |TAMS 0x00000000c4a00000, 0x00000000c4a00000| Untracked 
|  39|0x00000000c4b00000, 0x00000000c4b00000, 0x00000000c4c00000|  0%| F|  |TAMS 0x00000000c4b00000, 0x00000000c4b00000| Untracked 
|  40|0x00000000c4c00000, 0x00000000c4c00000, 0x00000000c4d00000|  0%| F|  |TAMS 0x00000000c4c00000, 0x00000000c4c00000| Untracked 
|  41|0x00000000c4d00000, 0x00000000c4d00000, 0x00000000c4e00000|  0%| F|  |TAMS 0x00000000c4d00000, 0x00000000c4d00000| Untracked 
|  42|0x00000000c4e00000, 0x00000000c4e00000, 0x00000000c4f00000|  0%| F|  |TAMS 0x00000000c4e00000, 0x00000000c4e00000| Untracked 
|  43|0x00000000c4f00000, 0x00000000c4f00000, 0x00000000c5000000|  0%| F|  |TAMS 0x00000000c4f00000, 0x00000000c4f00000| Untracked 
|  44|0x00000000c5000000, 0x00000000c5000000, 0x00000000c5100000|  0%| F|  |TAMS 0x00000000c5000000, 0x00000000c5000000| Untracked 
|  45|0x00000000c5100000, 0x00000000c5100000, 0x00000000c5200000|  0%| F|  |TAMS 0x00000000c5100000, 0x00000000c5100000| Untracked 
|  46|0x00000000c5200000, 0x00000000c5200000, 0x00000000c5300000|  0%| F|  |TAMS 0x00000000c5200000, 0x00000000c5200000| Untracked 
|  47|0x00000000c5300000, 0x00000000c5300000, 0x00000000c5400000|  0%| F|  |TAMS 0x00000000c5300000, 0x00000000c5300000| Untracked 
|  48|0x00000000c5400000, 0x00000000c5400000, 0x00000000c5500000|  0%| F|  |TAMS 0x00000000c5400000, 0x00000000c5400000| Untracked 
|  49|0x00000000c5500000, 0x00000000c5500000, 0x00000000c5600000|  0%| F|  |TAMS 0x00000000c5500000, 0x00000000c5500000| Untracked 
|  50|0x00000000c5600000, 0x00000000c5600000, 0x00000000c5700000|  0%| F|  |TAMS 0x00000000c5600000, 0x00000000c5600000| Untracked 
|  51|0x00000000c5700000, 0x00000000c5700000, 0x00000000c5800000|  0%| F|  |TAMS 0x00000000c5700000, 0x00000000c5700000| Untracked 
|  52|0x00000000c5800000, 0x00000000c5800000, 0x00000000c5900000|  0%| F|  |TAMS 0x00000000c5800000, 0x00000000c5800000| Untracked 
|  53|0x00000000c5900000, 0x00000000c5980800, 0x00000000c5a00000| 50%| E|  |TAMS 0x00000000c5900000, 0x00000000c5900000| Complete 
|  54|0x00000000c5a00000, 0x00000000c5b00000, 0x00000000c5b00000|100%| E|CS|TAMS 0x00000000c5a00000, 0x00000000c5a00000| Complete 
|  55|0x00000000c5b00000, 0x00000000c5c00000, 0x00000000c5c00000|100%| E|CS|TAMS 0x00000000c5b00000, 0x00000000c5b00000| Complete 
|  56|0x00000000c5c00000, 0x00000000c5d00000, 0x00000000c5d00000|100%| E|CS|TAMS 0x00000000c5c00000, 0x00000000c5c00000| Complete 
|  57|0x00000000c5d00000, 0x00000000c5e00000, 0x00000000c5e00000|100%| E|CS|TAMS 0x00000000c5d00000, 0x00000000c5d00000| Complete 
|  58|0x00000000c5e00000, 0x00000000c5f00000, 0x00000000c5f00000|100%| E|CS|TAMS 0x00000000c5e00000, 0x00000000c5e00000| Complete 
|  59|0x00000000c5f00000, 0x00000000c6000000, 0x00000000c6000000|100%| E|CS|TAMS 0x00000000c5f00000, 0x00000000c5f00000| Complete 
|  60|0x00000000c6000000, 0x00000000c6100000, 0x00000000c6100000|100%| E|CS|TAMS 0x00000000c6000000, 0x00000000c6000000| Complete 
|  61|0x00000000c6100000, 0x00000000c6200000, 0x00000000c6200000|100%| E|CS|TAMS 0x00000000c6100000, 0x00000000c6100000| Complete 

Card table byte_map: [0x00000234414c0000,0x00000234416b0000] _byte_map_base: 0x0000023440eae000

Marking Bits (Prev, Next): (CMBitMap*) 0x0000023428e45458, (CMBitMap*) 0x0000023428e45490
 Prev Bits: [0x00000234418a0000, 0x0000023442810000)
 Next Bits: [0x0000023442810000, 0x0000023443780000)

Polling page: 0x0000023428ef0000

Metaspace:

Usage:
  Non-class:     16.39 MB capacity,    16.00 MB ( 98%) used,   331.91 KB (  2%) free+waste,    65.63 KB ( <1%) overhead. 
      Class:      2.22 MB capacity,     1.93 MB ( 87%) used,   263.85 KB ( 12%) free+waste,    34.19 KB (  2%) overhead. 
       Both:     18.61 MB capacity,    17.93 MB ( 96%) used,   595.77 KB (  3%) free+waste,    99.81 KB ( <1%) overhead. 

Virtual space:
  Non-class space:       18.00 MB reserved,      16.50 MB ( 92%) committed 
      Class space:        1.00 GB reserved,       2.25 MB ( <1%) committed 
             Both:        1.02 GB reserved,      18.75 MB (  2%) committed 

Chunk freelists:
   Non-Class:  5.88 KB
       Class:  3.63 KB
        Both:  9.50 KB

CodeHeap 'non-profiled nmethods': size=120064Kb used=674Kb max_used=674Kb free=119389Kb
 bounds [0x0000023439770000, 0x00000234399e0000, 0x0000023440cb0000]
CodeHeap 'profiled nmethods': size=120000Kb used=3635Kb max_used=3635Kb free=116364Kb
 bounds [0x0000023432240000, 0x00000234325d0000, 0x0000023439770000]
CodeHeap 'non-nmethods': size=5696Kb used=1145Kb max_used=1158Kb free=4550Kb
 bounds [0x0000023431cb0000, 0x0000023431f20000, 0x0000023432240000]
 total_blobs=2349 nmethods=1867 adapters=393
 compilation: enabled
              stopped_count=0, restarted_count=0
 full_count=0

Compilation events (10 events):
Event: 4.083 Thread 0x0000023445dfe000 1874       3       java.lang.System::checkKey (34 bytes)
Event: 4.083 Thread 0x0000023445dfe000 nmethod 1874 0x00000234325c9010 code [0x00000234325c91e0, 0x00000234325c9508]
Event: 4.084 Thread 0x0000023445dd1000 nmethod 1868 0x0000023439816590 code [0x0000023439816740, 0x0000023439816be8]
Event: 4.084 Thread 0x0000023445dd1000 1857       4       java.lang.String$CaseInsensitiveComparator::compare (13 bytes)
Event: 4.090 Thread 0x0000023445dd1000 nmethod 1857 0x0000023439817010 code [0x00000234398171c0, 0x00000234398176d8]
Event: 4.090 Thread 0x0000023445dd1000 1858       4       java.lang.String$CaseInsensitiveComparator::compare (68 bytes)
Event: 4.097 Thread 0x0000023445dd1000 nmethod 1858 0x0000023439817b90 code [0x0000023439817d20, 0x00000234398181d8]
Event: 4.097 Thread 0x0000023445dd1000 1871       4       sun.security.provider.SHA2::lf_maj (12 bytes)
Event: 4.098 Thread 0x0000023445dd1000 nmethod 1871 0x0000023439818610 code [0x0000023439818780, 0x00000234398187d8]
Event: 4.099 Thread 0x0000023445dd1000 1869       4       java.util.HashSet::add (20 bytes)

GC Heap History (4 events):
Event: 1.439 GC heap before
{Heap before GC invocations=0 (full 0):
 garbage-first heap   total 63488K, used 14336K [0x00000000c2400000, 0x0000000100000000)
  region size 1024K, 14 young (14336K), 0 survivors (0K)
 Metaspace       used 7587K, capacity 7693K, committed 7936K, reserved 1056768K
  class space    used 680K, capacity 732K, committed 768K, reserved 1048576K
}
Event: 1.450 GC heap after
{Heap after GC invocations=1 (full 0):
 garbage-first heap   total 63488K, used 4592K [0x00000000c2400000, 0x0000000100000000)
  region size 1024K, 2 young (2048K), 2 survivors (2048K)
 Metaspace       used 7587K, capacity 7693K, committed 7936K, reserved 1056768K
  class space    used 680K, capacity 732K, committed 768K, reserved 1048576K
}
Event: 3.914 GC heap before
{Heap before GC invocations=1 (full 0):
 garbage-first heap   total 63488K, used 38384K [0x00000000c2400000, 0x0000000100000000)
  region size 1024K, 35 young (35840K), 2 survivors (2048K)
 Metaspace       used 17021K, capacity 17639K, committed 17792K, reserved 1064960K
  class space    used 1800K, capacity 2099K, committed 2176K, reserved 1048576K
}
Event: 3.928 GC heap after
{Heap after GC invocations=2 (full 0):
 garbage-first heap   total 63488K, used 7049K [0x00000000c2400000, 0x0000000100000000)
  region size 1024K, 5 young (5120K), 5 survivors (5120K)
 Metaspace       used 17021K, capacity 17639K, committed 17792K, reserved 1064960K
  class space    used 1800K, capacity 2099K, committed 2176K, reserved 1048576K
}

Deoptimization events (10 events):
Event: 0.855 Thread 0x0000023428e15800 Uncommon trap: reason=unstable_if action=reinterpret pc=0x000002343977ae10 method=java.util.zip.ZipFile$Source.isMetaName([BII)Z @ 43 c2
Event: 1.212 Thread 0x0000023428e15800 Uncommon trap: reason=unstable_if action=reinterpret pc=0x0000023439793534 method=java.lang.String.startsWith(Ljava/lang/String;I)Z @ 14 c2
Event: 1.217 Thread 0x0000023428e15800 Uncommon trap: reason=bimorphic_or_optimized_type_check action=maybe_recompile pc=0x00000234397947dc method=java.util.HashMap.getNode(ILjava/lang/Object;)Ljava/util/HashMap$Node; @ 126 c2
Event: 1.220 Thread 0x0000023428e15800 Uncommon trap: reason=bimorphic_or_optimized_type_check action=maybe_recompile pc=0x00000234397947dc method=java.util.HashMap.getNode(ILjava/lang/Object;)Ljava/util/HashMap$Node; @ 126 c2
Event: 1.247 Thread 0x0000023428e15800 Uncommon trap: reason=bimorphic_or_optimized_type_check action=maybe_recompile pc=0x0000023439794758 method=java.util.HashMap.getNode(ILjava/lang/Object;)Ljava/util/HashMap$Node; @ 59 c2
Event: 1.294 Thread 0x0000023428e15800 Uncommon trap: reason=unstable_if action=reinterpret pc=0x000002343977bd60 method=java.io.WinNTFileSystem.isSlash(C)Z @ 9 c2
Event: 1.295 Thread 0x0000023428e15800 Uncommon trap: reason=bimorphic_or_optimized_type_check action=maybe_recompile pc=0x0000023439794758 method=java.util.HashMap.getNode(ILjava/lang/Object;)Ljava/util/HashMap$Node; @ 59 c2
Event: 2.385 Thread 0x0000023428e15800 Uncommon trap: reason=unstable_if action=reinterpret pc=0x00000234397a8d0c method=java.io.WinNTFileSystem.normalize(Ljava/lang/String;)Ljava/lang/String; @ 128 c2
Event: 3.026 Thread 0x0000023428e15800 Uncommon trap: reason=bimorphic_or_optimized_type_check action=maybe_recompile pc=0x0000023439790720 method=java.util.HashMap.getNode(ILjava/lang/Object;)Ljava/util/HashMap$Node; @ 59 c2
Event: 3.386 Thread 0x0000023428e15800 Uncommon trap: reason=unstable_if action=reinterpret pc=0x00000234397eabc4 method=jdk.internal.org.objectweb.asm.Frame.execute(IILjdk/internal/org/objectweb/asm/ClassWriter;Ljdk/internal/org/objectweb/asm/Item;)V @ 1 c2

Classes redefined (0 events):
No events

Internal exceptions (10 events):
Event: 3.453 Thread 0x0000023428e15800 Exception <a 'java/lang/NoSuchMethodError'{0x00000000c4871cb8}: java.lang.invoke.DirectMethodHandle$Holder.invokeSpecial(Ljava/lang/Object;Ljava/lang/Object;IILjava/lang/Object;ILjava/lang/Object;Ljava/lang/Object;)Ljava/lang/Object;> (0x00000000c4871cb8)
Event: 3.454 Thread 0x0000023428e15800 Exception <a 'java/lang/NoSuchMethodError'{0x00000000c48752e8}: java.lang.invoke.DelegatingMethodHandle$Holder.reinvoke_L(Ljava/lang/Object;IILjava/lang/Object;ILjava/lang/Object;Ljava/lang/Object;)Ljava/lang/Object;> (0x00000000c48752e8) thrown at [./ope
Event: 3.527 Thread 0x0000023428e15800 Exception <a 'java/lang/NoSuchMethodError'{0x00000000c47a9610}: java.lang.invoke.DirectMethodHandle$Holder.invokeStatic(Ljava/lang/Object;Ljava/lang/Object;Ljava/lang/Object;Ljava/lang/Object;Ljava/lang/Object;Ljava/lang/Object;Ljava/lang/Object;Ljava/lan
Event: 3.529 Thread 0x0000023428e15800 Exception <a 'java/lang/NoSuchMethodError'{0x00000000c47c72e8}: java.lang.invoke.DirectMethodHandle$Holder.invokeStatic(Ljava/lang/Object;Ljava/lang/Object;Ljava/lang/Object;Ljava/lang/Object;Ljava/lang/Object;Ljava/lang/Object;Ljava/lang/Object;Ljava/lan
Event: 3.547 Thread 0x0000023428e15800 Exception <a 'java/lang/NoSuchMethodError'{0x00000000c47e5ac0}: java.lang.invoke.DirectMethodHandle$Holder.invokeStatic(Ljava/lang/Object;Ljava/lang/Object;Ljava/lang/Object;Ljava/lang/Object;Ljava/lang/Object;Ljava/lang/Object;Ljava/lang/Object;Ljava/lan
Event: 3.554 Thread 0x0000023428e15800 Exception <a 'java/lang/NoSuchMethodError'{0x00000000c4605dc0}: java.lang.invoke.DirectMethodHandle$Holder.invokeStatic(Ljava/lang/Object;Ljava/lang/Object;Ljava/lang/Object;Ljava/lang/Object;Ljava/lang/Object;Ljava/lang/Object;Ljava/lang/Object;Ljava/lan
Event: 3.988 Thread 0x0000023428e15800 Exception <a 'sun/nio/fs/WindowsException'{0x00000000c6037218}> (0x00000000c6037218) thrown at [./open/src/hotspot/share/prims/jni.cpp, line 611]
Event: 3.992 Thread 0x0000023428e15800 Exception <a 'java/lang/NoSuchMethodError'{0x00000000c6038a30}: java.lang.invoke.DirectMethodHandle$Holder.invokeSpecialIFC(Ljava/lang/Object;Ljava/lang/Object;I)I> (0x00000000c6038a30) thrown at [./open/src/hotspot/share/interpreter/linkResolver.cpp, lin
Event: 4.027 Thread 0x0000023428e15800 Exception <a 'java/lang/NoSuchMethodError'{0x00000000c6062810}: java.lang.invoke.DirectMethodHandle$Holder.invokeStaticInit(Ljava/lang/Object;Ljava/lang/Object;Ljava/lang/Object;Ljava/lang/Object;)I> (0x00000000c6062810) thrown at [./open/src/hotspot/shar
Event: 4.028 Thread 0x0000023428e15800 Exception <a 'java/lang/NoSuchMethodError'{0x00000000c606dbb0}: java.lang.invoke.DirectMethodHandle$Holder.invokeStaticInit(Ljava/lang/Object;Ljava/lang/Object;)V> (0x00000000c606dbb0) thrown at [./open/src/hotspot/share/interpreter/linkResolver.cpp, line

Events (10 events):
Event: 4.126 loading class org/apache/hc/core5/http/HttpConnection
Event: 4.126 loading class org/apache/hc/core5/http/HttpConnection done
Event: 4.127 loading class org/apache/hc/core5/http/SocketModalCloseable
Event: 4.127 loading class org/apache/hc/core5/http/SocketModalCloseable done
Event: 4.128 loading class org/apache/hc/client5/http/io/ManagedHttpClientConnection
Event: 4.128 loading class org/apache/hc/client5/http/io/ManagedHttpClientConnection done
Event: 4.128 loading class org/apache/hc/core5/http/io/HttpClientConnection
Event: 4.128 loading class org/apache/hc/core5/http/io/HttpClientConnection done
Event: 4.129 loading class org/apache/hc/core5/http/io/BHttpConnection
Event: 4.129 loading class org/apache/hc/core5/http/io/BHttpConnection done


Dynamic libraries:
0x00007ff68e420000 - 0x00007ff68e42f000 	C:\Program Files\Java\jdk-11.0.16\bin\javaw.exe
0x00007fff25b40000 - 0x00007fff25d49000 	C:\WINDOWS\SYSTEM32\ntdll.dll
0x00007fff24200000 - 0x00007fff242be000 	C:\WINDOWS\System32\KERNEL32.DLL
0x00007fff23430000 - 0x00007fff237ab000 	C:\WINDOWS\System32\KERNELBASE.dll
0x00007fff23010000 - 0x00007fff23121000 	C:\WINDOWS\System32\ucrtbase.dll
0x00007fff19490000 - 0x00007fff194a5000 	C:\Program Files\Java\jdk-11.0.16\bin\VCRUNTIME140.dll
0x00007fff18640000 - 0x00007fff18658000 	C:\Program Files\Java\jdk-11.0.16\bin\jli.dll
0x00007fff24360000 - 0x00007fff2440e000 	C:\WINDOWS\System32\ADVAPI32.dll
0x00007fff23ac0000 - 0x00007fff23b63000 	C:\WINDOWS\System32\msvcrt.dll
0x00007fff25a60000 - 0x00007fff25afe000 	C:\WINDOWS\System32\sechost.dll
0x00007fff247f0000 - 0x00007fff24910000 	C:\WINDOWS\System32\RPCRT4.dll
0x00007fff23bd0000 - 0x00007fff23d7d000 	C:\WINDOWS\System32\USER32.dll
0x00007fff231f0000 - 0x00007fff23216000 	C:\WINDOWS\System32\win32u.dll
0x00007fff24330000 - 0x00007fff24359000 	C:\WINDOWS\System32\GDI32.dll
0x00007fff238a0000 - 0x00007fff239b8000 	C:\WINDOWS\System32\gdi32full.dll
0x00007fff23220000 - 0x00007fff232bd000 	C:\WINDOWS\System32\msvcp_win.dll
0x00007fff21d50000 - 0x00007fff21d5a000 	C:\WINDOWS\SYSTEM32\VERSION.dll
0x00007fff12f30000 - 0x00007fff131d5000 	C:\WINDOWS\WinSxS\amd64_microsoft.windows.common-controls_6595b64144ccf1df_6.0.22000.120_none_9d947278b86cc467\COMCTL32.dll
0x00007fff25250000 - 0x00007fff25282000 	C:\WINDOWS\System32\IMM32.DLL
0x00007ffef5a70000 - 0x00007ffef5b0b000 	C:\Program Files\Java\jdk-11.0.16\bin\msvcp140.dll
0x00007ffed1fb0000 - 0x00007ffed2ac8000 	C:\Program Files\Java\jdk-11.0.16\bin\server\jvm.dll
0x00007fff241f0000 - 0x00007fff241f8000 	C:\WINDOWS\System32\PSAPI.DLL
0x00007fff1e2b0000 - 0x00007fff1e2b9000 	C:\WINDOWS\SYSTEM32\WSOCK32.dll
0x00007fff24530000 - 0x00007fff2459f000 	C:\WINDOWS\System32\WS2_32.dll
0x00007fff0d220000 - 0x00007fff0d253000 	C:\WINDOWS\SYSTEM32\WINMM.dll
0x00007fff22090000 - 0x00007fff220a8000 	C:\WINDOWS\SYSTEM32\kernel.appcore.dll
0x00007fff1ded0000 - 0x00007fff1dee0000 	C:\Program Files\Java\jdk-11.0.16\bin\verify.dll
0x00007fff208e0000 - 0x00007fff20b01000 	C:\WINDOWS\SYSTEM32\DBGHELP.DLL
0x00007fff193c0000 - 0x00007fff193f1000 	C:\WINDOWS\SYSTEM32\dbgcore.DLL
0x00007fff237b0000 - 0x00007fff2382f000 	C:\WINDOWS\System32\bcryptPrimitives.dll
0x00007fff194c0000 - 0x00007fff194e8000 	C:\Program Files\Java\jdk-11.0.16\bin\java.dll
0x00007fff1dd90000 - 0x00007fff1dd9a000 	C:\Program Files\Java\jdk-11.0.16\bin\jimage.dll
0x00007fff19550000 - 0x00007fff19566000 	C:\Program Files\Java\jdk-11.0.16\bin\zip.dll
0x00007fff252a0000 - 0x00007fff25a58000 	C:\WINDOWS\System32\SHELL32.dll
0x00007fff21460000 - 0x00007fff21cc5000 	C:\WINDOWS\SYSTEM32\windows.storage.dll
0x00007fff24ed0000 - 0x00007fff25248000 	C:\WINDOWS\System32\combase.dll
0x00007fff212f0000 - 0x00007fff21456000 	C:\WINDOWS\SYSTEM32\wintypes.dll
0x00007fff24a70000 - 0x00007fff24b5a000 	C:\WINDOWS\System32\SHCORE.dll
0x00007fff23b70000 - 0x00007fff23bcd000 	C:\WINDOWS\System32\shlwapi.dll
0x00007fff22f40000 - 0x00007fff22f61000 	C:\WINDOWS\SYSTEM32\profapi.dll
0x00007fff18a90000 - 0x00007fff18aa9000 	C:\Program Files\Java\jdk-11.0.16\bin\net.dll
0x00007fff1cde0000 - 0x00007fff1cef4000 	C:\WINDOWS\SYSTEM32\WINHTTP.dll
0x00007fff22530000 - 0x00007fff22597000 	C:\WINDOWS\system32\mswsock.dll
0x00007fff18a70000 - 0x00007fff18a82000 	C:\Program Files\Java\jdk-11.0.16\bin\nio.dll
0x00007fff20ff0000 - 0x00007fff210d8000 	C:\WINDOWS\SYSTEM32\DNSAPI.dll
0x00007fff20fc0000 - 0x00007fff20fed000 	C:\WINDOWS\SYSTEM32\IPHLPAPI.DLL
0x00007fff24c20000 - 0x00007fff24c29000 	C:\WINDOWS\System32\NSI.dll
0x00007fff18580000 - 0x00007fff1858a000 	C:\Windows\System32\rasadhlp.dll
0x00007fff19330000 - 0x00007fff193b1000 	C:\WINDOWS\System32\fwpuclnt.dll
0x00007fff22770000 - 0x00007fff22788000 	C:\WINDOWS\SYSTEM32\CRYPTSP.dll
0x00007fff21ff0000 - 0x00007fff22025000 	C:\WINDOWS\system32\rsaenh.dll
0x00007fff22620000 - 0x00007fff22649000 	C:\WINDOWS\SYSTEM32\USERENV.dll
0x00007fff22970000 - 0x00007fff22997000 	C:\WINDOWS\SYSTEM32\bcrypt.dll
0x00007fff22790000 - 0x00007fff2279c000 	C:\WINDOWS\SYSTEM32\CRYPTBASE.dll
0x00007fff1cd70000 - 0x00007fff1cd89000 	C:\WINDOWS\SYSTEM32\dhcpcsvc6.DLL
0x00007fff1d2b0000 - 0x00007fff1d2ce000 	C:\WINDOWS\SYSTEM32\dhcpcsvc.DLL
0x00007fff17c30000 - 0x00007fff17c55000 	C:\Program Files\Java\jdk-11.0.16\bin\sunec.dll

dbghelp: loaded successfully - version: 4.0.5 - missing functions: none
symbol engine: initialized successfully - sym options: 0x614 - pdb path: .;C:\Program Files\Java\jdk-11.0.16\bin;C:\WINDOWS\SYSTEM32;C:\WINDOWS\WinSxS\amd64_microsoft.windows.common-controls_6595b64144ccf1df_6.0.22000.120_none_9d947278b86cc467;C:\Program Files\Java\jdk-11.0.16\bin\server

VM Arguments:
jvm_args: -ea -Dfile.encoding=UTF-8 
java_command: org.testng.remote.RemoteTestNG -serport 61002 -protocol json -d C:\Users\ebin\eclipse-workspace\SeleniumSessions\test-output C:\Users\ebin\AppData\Local\Temp\testng-eclipse-1250000514\testng-customsuite.xml
java_class_path (initial): C:\Users\ebin\eclipse\java-2022-062\eclipse\configuration\org.eclipse.osgi\429\0\.cp\lib\testng-remote.jar;C:\Users\ebin\eclipse-workspace\SeleniumSessions\target\test-classes;C:\Users\ebin\eclipse-workspace\SeleniumSessions\target\classes;C:\Users\ebin\.m2\repository\org\seleniumhq\selenium\selenium-java\4.6.0\selenium-java-4.6.0.jar;C:\Users\ebin\.m2\repository\org\seleniumhq\selenium\selenium-api\4.6.0\selenium-api-4.6.0.jar;C:\Users\ebin\.m2\repository\org\seleniumhq\selenium\selenium-chrome-driver\4.6.0\selenium-chrome-driver-4.6.0.jar;C:\Users\ebin\.m2\repository\com\google\auto\service\auto-service-annotations\1.0.1\auto-service-annotations-1.0.1.jar;C:\Users\ebin\.m2\repository\com\google\auto\service\auto-service\1.0.1\auto-service-1.0.1.jar;C:\Users\ebin\.m2\repository\com\google\auto\auto-common\1.2\auto-common-1.2.jar;C:\Users\ebin\.m2\repository\com\google\guava\guava\31.1-jre\guava-31.1-jre.jar;C:\Users\ebin\.m2\repository\com\google\guava\failureaccess\1.0.1\failureaccess-1.0.1.jar;C:\Users\ebin\.m2\repository\com\google\guava\listenablefuture\9999.0-empty-to-avoid-conflict-with-guava\listenablefuture-9999.0-empty-to-avoid-conflict-with-guava.jar;C:\Users\ebin\.m2\repository\org\checkerframework\checker-qual\3.12.0\checker-qual-3.12.0.jar;C:\Users\ebin\.m2\repository\com\google\errorprone\error_prone_annotations\2.11.0\error_prone_annotations-2.11.0.jar;C:\Users\ebin\.m2\repository\com\google\j2objc\j2objc-annotations\1.3\j2objc-annotations-1.3.jar;C:\Users\ebin\.m2\repository\org\seleniumhq\selenium\selenium-chromium-driver\4.6.0\selenium-chromium-driver-4.6.0.jar;C:\Users\ebin\.m2\repository\org\seleniumhq\selenium\selenium-json\4.6.0\selenium-json-4.6.0.jar;C:\Users\ebin\.m2\repository\org\seleniumhq\selenium\selenium-devtools-v105\4.6.0\selenium-devtools-v105-4.6.0.jar;C:\Users\ebin\.m2\repository\org\seleniumhq\selenium\selenium-devtools-v106\4.6.0\selenium-devtools-v106-4.6.0.jar;C:\Users\ebin\.m2\repository\org\sele
Launcher Type: SUN_STANDARD

[Global flags]
     intx CICompilerCount                          = 3                                         {product} {ergonomic}
     uint ConcGCThreads                            = 1                                         {product} {ergonomic}
     uint G1ConcRefinementThreads                  = 4                                         {product} {ergonomic}
   size_t G1HeapRegionSize                         = 1048576                                   {product} {ergonomic}
    uintx GCDrainStackTargetSize                   = 64                                        {product} {ergonomic}
   size_t InitialHeapSize                          = 65011712                                  {product} {ergonomic}
   size_t MarkStackSize                            = 4194304                                   {product} {ergonomic}
   size_t MaxHeapSize                              = 1035993088                                {product} {ergonomic}
   size_t MaxNewSize                               = 620756992                                 {product} {ergonomic}
   size_t MinHeapDeltaBytes                        = 1048576                                   {product} {ergonomic}
    uintx NonNMethodCodeHeapSize                   = 5830732                                {pd product} {ergonomic}
    uintx NonProfiledCodeHeapSize                  = 122913754                              {pd product} {ergonomic}
    uintx ProfiledCodeHeapSize                     = 122913754                              {pd product} {ergonomic}
    uintx ReservedCodeCacheSize                    = 251658240                              {pd product} {ergonomic}
     bool SegmentedCodeCache                       = true                                      {product} {ergonomic}
     bool UseCompressedClassPointers               = true                                 {lp64_product} {ergonomic}
     bool UseCompressedOops                        = true                                 {lp64_product} {ergonomic}
     bool UseG1GC                                  = true                                      {product} {ergonomic}
     bool UseLargePagesIndividualAllocation        = false                                  {pd product} {ergonomic}

Logging:
Log output configuration:
 #0: stdout all=warning uptime,level,tags
 #1: stderr all=off uptime,level,tags

Environment Variables:
JAVA_HOME=C:\Program Files\Java\jdk-11.0.16
PATH=C:/Program Files/Java/jdk-11.0.16/bin/server;C:/Program Files/Java/jdk-11.0.16/bin;C:\Program Files\Common Files\Oracle\Java\javapath;C:\ProgramData\Oracle\Java\javapath;C:\Program Files\AdoptOpenJDK\jdk-11.0.10.9-hotspot\bin;C:\WINDOWS\system32;C:\WINDOWS;C:\WINDOWS\System32\Wbem;C:\WINDOWS\System32\WindowsPowerShell\v1.0\;C:\WINDOWS\System32\OpenSSH\;C:\Program Files\apache-maven-3.8.6\bin;C:\Program Files\Java\jdk-11.0.16\bin;C:\Users\ebin\OneDrive\Desktop;
USERNAME=ebin
OS=Windows_NT
PROCESSOR_IDENTIFIER=Intel64 Family 6 Model 142 Stepping 12, GenuineIntel



---------------  S Y S T E M  ---------------

OS: Windows 11 , 64 bit Build 22000 (10.0.22000.1219)

CPU:total 4 (initial active 4) (2 cores per cpu, 2 threads per core) family 6 model 142 stepping 12 microcode 0xde, cmov, cx8, fxsr, mmx, sse, sse2, sse3, ssse3, sse4.1, sse4.2, popcnt, avx, avx2, aes, clmul, erms, 3dnowpref, lzcnt, ht, tsc, tscinvbit, bmi1, bmi2, adx, fma

Memory: 4k page, system-wide physical 3948M (66M free)
TotalPageFile size 16236M (AvailPageFile size 3M)
current process WorkingSet (physical memory assigned to process): 105M, peak: 105M
current process commit charge ("private bytes"): 159M, peak: 159M

vm_info: Java HotSpot(TM) 64-Bit Server VM (11.0.16+11-LTS-199) for windows-amd64 JRE (11.0.16+11-LTS-199), built on Jun 28 2022 08:23:17 by "mach5one" with MS VC++ 15.9 (VS2017)

END.
